0 info it worked if it ends with ok
1 verbose cli [
1 verbose cli   'C:\\Program Files\\nodejs\\node.exe',
1 verbose cli   'C:\\Program Files\\nodejs\\node_modules\\npm\\bin\\npm-cli.js',
1 verbose cli   'start'
1 verbose cli ]
2 info using npm@6.14.11
3 info using node@v14.15.5
4 verbose run-script [ 'prestart', 'start', 'poststart' ]
5 info lifecycle server@1.0.0~prestart: server@1.0.0
6 info lifecycle server@1.0.0~start: server@1.0.0
7 verbose lifecycle server@1.0.0~start: unsafe-perm in lifecycle true
8 verbose lifecycle server@1.0.0~start: PATH: C:\Program Files\nodejs\node_modules\npm\node_modules\npm-lifecycle\node-gyp-bin;D:\FinalDay\Employee_Mgmt_Sys_MERN_Final\server\node_modules\.bin;C:\Users\Danny Terefe\bin;C:\Program Files\Git\mingw64\bin;C:\Program Files\Git\usr\local\bin;C:\Program Files\Git\usr\bin;C:\Program Files\Git\usr\bin;C:\Program Files\Git\mingw64\bin;C:\Program Files\Git\usr\bin;C:\Users\Danny Terefe\bin;D:\SDKs\Oracle\db_home\bin;C:\Program Files\Common Files\Oracle\Java\javapath;C:\Program Files (x86)\Common Files\Oracle\Java\javapath;C:\WINDOWS\system32;C:\WINDOWS;C:\WINDOWS\System32\Wbem;C:\WINDOWS\System32\WindowsPowerShell\v1.0;C:\WINDOWS\System32\OpenSSH;C:\Program Files (x86)\Java\jdk1.8.0_261\bin;C:\Program Files (x86)\CodeBlocks\MinGW\bin;C:\Program Files\dotnet;C:\Program Files\Microsoft SQL Server\130\Tools\Binn;C:\Program Files\Microsoft SQL Server\Client SDK\ODBC\170\Tools\Binn;C:\Program Files\nodejs;C:\ProgramData\chocolatey\bin;D:\SDKs\Go\bin;C:\Users\Danny Terefe\AppData\Local\Programs\Microsoft VS Code\bin;C:\Program Files\Git\cmd;D:\SDKs\Flutter\flutter\bin;D:\SDKs\Flutter\flutter\bin\cache\dart-sdk\bin;C:\Program Files\MongoDB\Server\4.4\bin;C:\Program Files\Docker\Docker\resources\bin;C:\ProgramData\DockerDesktop\version-bin;C:\Python39\Scripts;C:\Python39;C:\Users\Danny Terefe\AppData\Local\Programs\Python\Python39\Scripts;C:\Users\Danny Terefe\AppData\Local\Programs\Python\Python39;C:\Users\Danny Terefe\AppData\Local\Microsoft\WindowsApps;C:\Program Files\JetBrains\IntelliJ IDEA Community Edition 2020.2.2\bin;C:\Users\Danny Terefe\AppData\Local\Programs\Microsoft VS Code\bin;C:\Program Files\JetBrains\CLion 2020.2.1\bin;C:\Users\Danny Terefe\.dotnet\tools;C:\Users\Danny Terefe\AppData\Roaming\npm;C:\Users\Danny Terefe\go\bin;C:\Program Files\Git\usr\bin\vendor_perl;C:\Program Files\Git\usr\bin\core_perl
9 verbose lifecycle server@1.0.0~start: CWD: D:\FinalDay\Employee_Mgmt_Sys_MERN_Final\server
10 silly lifecycle server@1.0.0~start: Args: [ '/d /s /c', 'npm index.js' ]
11 silly lifecycle server@1.0.0~start: Returned: code: 1  signal: null
12 info lifecycle server@1.0.0~start: Failed to exec start script
13 verbose stack Error: server@1.0.0 start: `npm index.js`
13 verbose stack Exit status 1
13 verbose stack     at EventEmitter.<anonymous> (C:\Program Files\nodejs\node_modules\npm\node_modules\npm-lifecycle\index.js:332:16)
13 verbose stack     at EventEmitter.emit (events.js:315:20)
13 verbose stack     at ChildProcess.<anonymous> (C:\Program Files\nodejs\node_modules\npm\node_modules\npm-lifecycle\lib\spawn.js:55:14)
13 verbose stack     at ChildProcess.emit (events.js:315:20)
13 verbose stack     at maybeClose (internal/child_process.js:1048:16)
13 verbose stack     at Process.ChildProcess._handle.onexit (internal/child_process.js:288:5)
14 verbose pkgid server@1.0.0
15 verbose cwd D:\FinalDay\Employee_Mgmt_Sys_MERN_Final\server
16 verbose Windows_NT 10.0.19042
17 verbose argv "C:\\Program Files\\nodejs\\node.exe" "C:\\Program Files\\nodejs\\node_modules\\npm\\bin\\npm-cli.js" "start"
18 verbose node v14.15.5
19 verbose npm  v6.14.11
20 error code ELIFECYCLE
21 error errno 1
22 error server@1.0.0 start: `npm index.js`
22 error Exit status 1
23 error Failed at the server@1.0.0 start script.
23 error This is probably not a problem with npm. There is likely additional logging output above.
24 verbose exit [ 1, true ]
