0 info it worked if it ends with ok
1 verbose cli [
1 verbose cli   'C:\\Program Files (x86)\\nodejs\\node.exe',
1 verbose cli   'C:\\Program Files (x86)\\nodejs\\node_modules\\npm\\bin\\npm-cli.js',
1 verbose cli   'view',
1 verbose cli   '--json',
1 verbose cli   'nodemon',
1 verbose cli   'description',
1 verbose cli   'dist-tags.latest',
1 verbose cli   'homepage',
1 verbose cli   'version'
1 verbose cli ]
2 info using npm@6.14.13
3 info using node@v14.17.0
4 verbose npm-session 319e4cae0952dda4
5 verbose type system
6 verbose stack FetchError: request to https://registry.npmjs.org/nodemon failed, reason: getaddrinfo ENOTFOUND registry.npmjs.org
6 verbose stack     at ClientRequest.<anonymous> (C:\Program Files (x86)\nodejs\node_modules\npm\node_modules\node-fetch-npm\src\index.js:68:14)
6 verbose stack     at ClientRequest.emit (events.js:376:20)
6 verbose stack     at TLSSocket.socketErrorListener (_http_client.js:475:9)
6 verbose stack     at TLSSocket.emit (events.js:376:20)
6 verbose stack     at emitErrorNT (internal/streams/destroy.js:106:8)
6 verbose stack     at emitErrorCloseNT (internal/streams/destroy.js:74:3)
6 verbose stack     at processTicksAndRejections (internal/process/task_queues.js:82:21)
7 verbose cwd d:\FinalDay\Employee_Mgmt_Sys_MERN_Final\server
8 verbose Windows_NT 10.0.19042
9 verbose argv "C:\\Program Files (x86)\\nodejs\\node.exe" "C:\\Program Files (x86)\\nodejs\\node_modules\\npm\\bin\\npm-cli.js" "view" "--json" "nodemon" "description" "dist-tags.latest" "homepage" "version"
10 verbose node v14.17.0
11 verbose npm  v6.14.13
12 error code ENOTFOUND
13 error errno ENOTFOUND
14 error network request to https://registry.npmjs.org/nodemon failed, reason: getaddrinfo ENOTFOUND registry.npmjs.org
15 error network This is a problem related to network connectivity.
15 error network In most cases you are behind a proxy or have bad network settings.
15 error network
15 error network If you are behind a proxy, please make sure that the
15 error network 'proxy' config is set properly.  See: 'npm help config'
16 verbose exit [ 1, true ]
